[2025-04-13 13:00:21] INFO: GET /chat/67f50caf91ed06fbb280f1e6
[2025-04-13 13:00:22] INFO: GET /profile/view
[2025-04-13 13:18:26] INFO: GET /chat/67f50c2391ed06fbb280f1de
[2025-04-13 13:18:26] INFO: GET /profile/view
[2025-04-13 13:18:28] INFO: GET /chat/67f50caf91ed06fbb280f1e6
[2025-04-13 13:18:28] INFO: GET /profile/view
[2025-04-13 14:54:27] INFO: GET /chat/67f50caf91ed06fbb280f1e6
[2025-04-13 14:54:27] INFO: GET /profile/view
[2025-04-13 14:54:32] INFO: GET /chat/67f50c2391ed06fbb280f1de
[2025-04-13 14:54:32] INFO: GET /profile/view
[2025-04-13 14:55:05] INFO: GET /user/connections
[2025-04-13 14:55:13] INFO: GET /user/connections
[2025-04-13 15:37:13] INFO: GET /user/connections
[2025-04-13 15:37:13] INFO: GET /profile/view
[2025-04-14 14:26:12] INFO: GET /user/connections
[2025-04-14 14:26:12] INFO: GET /profile/view
[2025-04-14 14:36:18] INFO: GET /profile/view
[2025-04-14 14:38:29] INFO: GET /profile/view
[2025-04-14 14:41:14] INFO: GET /profile/view
[2025-04-14 14:41:16] INFO: GET /profile/view
[2025-04-24 13:29:41] INFO: GET /user/feed
[2025-04-24 13:29:41] INFO: GET /profile/view
[2025-04-24 13:29:57] INFO: POST /auth/login
[2025-04-24 13:29:57] INFO: GET /user/feed
[2025-04-24 13:30:06] INFO: GET /user/connections
[2025-04-24 13:30:08] INFO: GET /user/requests/received
[2025-04-24 13:30:10] INFO: GET /premium/verify
[2025-04-24 13:30:16] INFO: POST /auth/logout
